<?xml version="1.0" encoding="UTF-8"?>
<testsuite name="com.clevertec.task_01.StringUtilsTest" tests="2" skipped="0" failures="0" errors="0" timestamp="2023-02-12T21:17:53" hostname="DESKTOP-TLTBPOF" time="0.021">
  <properties/>
  <testcase name="isNegativeNumber()" classname="com.clevertec.task_01.StringUtilsTest" time="0.02"/>
  <testcase name="isPositiveNumber()" classname="com.clevertec.task_01.StringUtilsTest" time="0.001"/>
  <system-out><![CDATA[]]></system-out>
  <system-err><![CDATA[]]></system-err>
</testsuite>
